<?xml version="1.0" encoding="UTF-8"?>
<testng-results ignored="0" total="1" passed="1" failed="0" skipped="0">
  <reporter-output>
  </reporter-output>
  <suite started-at="2020-08-07T20:00:25 IST" name="Surefire suite" finished-at="2020-08-07T20:00:28 IST" duration-ms="2396">
    <groups>
    </groups>
    <test started-at="2020-08-07T20:00:25 IST" name="Surefire test" finished-at="2020-08-07T20:00:28 IST" duration-ms="2396">
      <class name="com.qa.rest.test.GetTest">
        <test-method signature="testNumberOfCircuitsFor2017Season()[pri:0, instance:com.qa.rest.test.GetTest@382db087]" started-at="2020-08-07T20:00:25 IST" name="testNumberOfCircuitsFor2017Season" finished-at="2020-08-07T20:00:28 IST" duration-ms="2359" status="PASS">
          <reporter-output>
          </reporter-output>
        </test-method> <!-- testNumberOfCircuitsFor2017Season -->
      </class> <!-- com.qa.rest.test.GetTest -->
    </test> <!-- Surefire test -->
  </suite> <!-- Surefire suite -->
</testng-results>
